[2026-06-27 20:11:13.386] [actian_vectorai] [info] Actian VectorAI DB gRPC Server starting...
[2026-06-27 20:11:13.387] [actian_vectorai] [info] ========================================
[2026-06-27 20:11:13.387] [actian_vectorai] [info]   Actian VectorAI DB gRPC Server v1.0.1
[2026-06-27 20:11:13.387] [actian_vectorai] [info]   Vector Search Service powered by VDE
[2026-06-27 20:11:13.387] [actian_vectorai] [info] ========================================
[2026-06-27 20:11:13.387] [actian_vectorai] [info] Configuration:
[2026-06-27 20:11:13.387] [actian_vectorai] [info]   Server address:  0.0.0.0:6574
[2026-06-27 20:11:13.387] [actian_vectorai] [info]   RESTful port:    6573
[2026-06-27 20:11:13.387] [actian_vectorai] [info]   VDE engine path: /var/lib/actian-vectorai
[2026-06-27 20:11:13.387] [actian_vectorai] [info]   Use transaction: true
[2026-06-27 20:11:13.387] [actian_vectorai] [info]   Cache size:      engine default
[2026-06-27 20:11:13.387] [actian_vectorai] [info]   Run mode:        service
[2026-06-27 20:11:13.387] [actian_vectorai] [info] [VDE C++ API] Creating engine with work_dir: /var/lib/actian-vectorai
[2026-06-27 20:11:13.442] [actian_vectorai] [info] [VDE C++ API] Engine created successfully
[2026-06-27 20:11:13.478] [actian_vectorai] [info] Current vector usage: 0
[2026-06-27 20:11:13.478] [actian_vectorai] [warning] No active licenses found
[2026-06-27 20:11:13.479] [actian_vectorai] [info] Server parameter store not found, creating /var/lib/actian-vectorai/server_params.btr
[2026-06-27 20:11:13.480] [actian_vectorai] [info] Generated user Argon2 salt and persisted it to server_params.btr
[2026-06-27 20:11:13.480] [actian_vectorai] [info] Generated JWT secret and persisted it to server_params.btr
[2026-06-27 20:11:13.481] [actian_vectorai] [info] Auth user store not found, creating /var/lib/actian-vectorai/auth/users.btr
[2026-06-27 20:11:13.483] [actian_vectorai] [info] Access token store not found, creating /var/lib/actian-vectorai/auth/access_tokens.btr
[2026-06-27 20:11:13.484] [actian_vectorai] [info] auth_enabled not found in server_params.btr for gRPC access control, defaulting to false
[2026-06-27 20:11:13.484] [actian_vectorai] [info] Creating Actian VectorAI DB service implementation
[2026-06-27 20:11:13.484] [actian_vectorai] [info] Actian VectorAI DB service implementation created (11 services)
[2026-06-27 20:11:13.484] [actian_vectorai] [info] Restful API server initialized on port 6573
[2026-06-27 20:11:13.484] [actian_vectorai] [info] auth_enabled not found in server_params.btr, defaulting to false
[2026-06-27 20:11:13.485] [actian_vectorai] [info] Building gRPC server...
[2026-06-27 20:11:13.486] [actian_vectorai] [info] Actian VectorAI DB gRPC Server listening on 0.0.0.0:6574
[2026-06-27 20:11:13.486] [actian_vectorai] [info] Ready to accept connections...
[2026-06-27 20:14:50.815] [actian_vectorai] [info] CreateCollection: collection='ui_removals', dim=1, metric='euclidean'
[2026-06-27 20:14:50.816] [actian_vectorai] [info] [VDE C++ API] Creating collection: name=ui_removals, index_algorithm = hnsw, index_driver=faiss, storage_type=btrieve_file, dimension=1, distance_metric=euclidean
[2026-06-27 20:14:50.820] [actian_vectorai] [info] [BvstorePayload::Open] File not found, creating new bvstore at '/var/lib/actian-vectorai/collections/ui_removals/segment_0/payloads/payloads.btr' with 0 indexed fields
[2026-06-27 20:14:50.828] [actian_vectorai] [info] [LocalShard::CreateSegmentComponents] Created 1 vector space(s) for segment at /var/lib/actian-vectorai/collections/ui_removals/segment_0
[2026-06-27 20:14:50.830] [actian_vectorai] [info] [LocalShard::InitializeMultiVector] shard=0, segment_path=/var/lib/actian-vectorai/collections/ui_removals/segment_0, vector_spaces=1
[2026-06-27 20:14:50.830] [actian_vectorai] [info] [LocalShard::InitRebuild] shard=0, mode=normal, auto_detected=index_based, source=1, pipeline=0
[2026-06-27 20:14:50.831] [actian_vectorai] [info] [VDE C++ API] Collection created successfully: ui_removals (M=16, ef_construct=200, ef_search=64)
[2026-06-27 20:14:56.165] [actian_vectorai] [info] CreateCollection: collection='ui_removals', dim=1, metric='euclidean'
[2026-06-27 20:14:56.165] [actian_vectorai] [error] [VDE C++ API] Collection already exists: ui_removals
[2026-06-27 20:15:32.746] [actian_vectorai] [info] [gRPC PointsImpl::Upsert] collection=ui_removals, points=1
[2026-06-27 20:27:16.922] [actian_vectorai] [info] CreateCollection: collection='ui_removals', dim=1, metric='euclidean'
[2026-06-27 20:27:16.922] [actian_vectorai] [error] [VDE C++ API] Collection already exists: ui_removals
[2026-06-27 20:27:39.974] [actian_vectorai] [info] CreateCollection: collection='ui_removals', dim=1, metric='euclidean'
[2026-06-27 20:27:39.974] [actian_vectorai] [error] [VDE C++ API] Collection already exists: ui_removals
[2026-06-27 20:27:45.219] [actian_vectorai] [info] CreateCollection: collection='ui_removals', dim=1, metric='euclidean'
[2026-06-27 20:27:45.219] [actian_vectorai] [error] [VDE C++ API] Collection already exists: ui_removals
[2026-06-27 20:27:45.518] [actian_vectorai] [info] [gRPC PointsImpl::Upsert] collection=ui_removals, points=1
[2026-06-27 20:31:01.844] [actian_vectorai] [info] [gRPC PointsImpl::Upsert] collection=ui_removals, points=1
